<?xml version="1.0" encoding="UTF-8"?>
<testsuite xmlns:xsi="http://www.w3.org/2001/XMLSchema-instance" xsi:noNamespaceSchemaLocation="https://maven.apache.org/surefire/maven-surefire-plugin/xsd/surefire-test-report.xsd" name="com.vinicechin.web.TestWelcome" time="1.26" tests="2" errors="0" skipped="0" failures="0">
  <properties>
[...]
</properties>
  <testcase name="testAbc" classname="com.vinicechin.web.TestWelcome" time="0.049"/>
  <testcase name="testWelcome" classname="com.vinicechin.web.TestWelcome" time="0.097"/>
</testsuite>